  main.cpp
c:\users\100706824\documents\githubkraken\legendz-of-zelda\gdw-1-project-3\spritesheets.h(16551): warning C4018: '<': signed/unsigned mismatch
c:\users\100706824\documents\githubkraken\legendz-of-zelda\gdw-1-project-3\coreclasses.h(151): warning C4244: '=': conversion from 'int' to 'float', possible loss of data
c:\users\100706824\documents\githubkraken\legendz-of-zelda\gdw-1-project-3\coreclasses.h(152): warning C4244: '=': conversion from 'int' to 'float', possible loss of data
c:\users\100706824\documents\githubkraken\legendz-of-zelda\gdw-1-project-3\projectiles.h(148): warning C4244: '=': conversion from 'float' to 'int', possible loss of data
c:\users\100706824\documents\githubkraken\legendz-of-zelda\gdw-1-project-3\projectiles.h(149): warning C4244: '=': conversion from 'float' to 'int', possible loss of data
c:\users\100706824\documents\githubkraken\legendz-of-zelda\gdw-1-project-3\projectiles.h(268): warning C4244: 'initializing': conversion from 'double' to 'float', possible loss of data
c:\users\100706824\documents\githubkraken\legendz-of-zelda\gdw-1-project-3\projectiles.h(270): warning C4244: '=': conversion from 'float' to 'int', possible loss of data
c:\users\100706824\documents\githubkraken\legendz-of-zelda\gdw-1-project-3\projectiles.h(271): warning C4244: '=': conversion from 'float' to 'int', possible loss of data
c:\users\100706824\documents\githubkraken\legendz-of-zelda\gdw-1-project-3\enemies.h(358): warning C4244: '=': conversion from 'double' to 'float', possible loss of data
c:\users\100706824\documents\githubkraken\legendz-of-zelda\gdw-1-project-3\enemies.h(411): warning C4018: '<': signed/unsigned mismatch
c:\users\100706824\documents\githubkraken\legendz-of-zelda\gdw-1-project-3\enemies.h(424): warning C4018: '<': signed/unsigned mismatch
c:\users\100706824\documents\githubkraken\legendz-of-zelda\gdw-1-project-3\enemies.h(1022): warning C4018: '<': signed/unsigned mismatch
c:\users\100706824\documents\githubkraken\legendz-of-zelda\gdw-1-project-3\enemies.h(1131): warning C4018: '<': signed/unsigned mismatch
c:\users\100706824\documents\githubkraken\legendz-of-zelda\gdw-1-project-3\enemies.h(1140): warning C4018: '<': signed/unsigned mismatch
c:\users\100706824\documents\githubkraken\legendz-of-zelda\gdw-1-project-3\enemies.h(1151): warning C4018: '<': signed/unsigned mismatch
c:\users\100706824\documents\githubkraken\legendz-of-zelda\gdw-1-project-3\enemies.h(1157): warning C4018: '<': signed/unsigned mismatch
c:\users\100706824\documents\githubkraken\legendz-of-zelda\gdw-1-project-3\enemies.h(1238): warning C4018: '<': signed/unsigned mismatch
c:\users\100706824\documents\githubkraken\legendz-of-zelda\gdw-1-project-3\enemies.h(1252): warning C4018: '<': signed/unsigned mismatch
c:\users\100706824\documents\githubkraken\legendz-of-zelda\gdw-1-project-3\menus.h(123): warning C4018: '<': signed/unsigned mismatch
c:\users\100706824\documents\githubkraken\legendz-of-zelda\gdw-1-project-3\menus.h(143): warning C4018: '<': signed/unsigned mismatch
c:\users\100706824\documents\githubkraken\legendz-of-zelda\gdw-1-project-3\menus.h(162): warning C4018: '<': signed/unsigned mismatch
c:\users\100706824\documents\githubkraken\legendz-of-zelda\gdw-1-project-3\menus.h(168): warning C4018: '<': signed/unsigned mismatch
c:\users\100706824\documents\githubkraken\legendz-of-zelda\gdw-1-project-3\visualfx.h(11): warning C4305: 'argument': truncation from 'double' to 'float'
c:\users\100706824\documents\githubkraken\legendz-of-zelda\gdw-1-project-3\visualfx.h(37): warning C4305: 'argument': truncation from 'double' to 'float'
c:\users\100706824\documents\githubkraken\legendz-of-zelda\gdw-1-project-3\room.h(38): warning C4018: '<': signed/unsigned mismatch
c:\users\100706824\documents\githubkraken\legendz-of-zelda\gdw-1-project-3\room.h(52): warning C4018: '<': signed/unsigned mismatch
c:\users\100706824\documents\githubkraken\legendz-of-zelda\gdw-1-project-3\room.h(94): warning C4018: '<': signed/unsigned mismatch
c:\users\100706824\documents\githubkraken\legendz-of-zelda\gdw-1-project-3\room.h(289): warning C4018: '<': signed/unsigned mismatch
c:\users\100706824\documents\githubkraken\legendz-of-zelda\gdw-1-project-3\room.h(322): warning C4018: '<': signed/unsigned mismatch
c:\users\100706824\documents\githubkraken\legendz-of-zelda\gdw-1-project-3\room.h(328): warning C4018: '<': signed/unsigned mismatch
c:\users\100706824\documents\githubkraken\legendz-of-zelda\gdw-1-project-3\room.h(334): warning C4018: '<': signed/unsigned mismatch
c:\users\100706824\documents\githubkraken\legendz-of-zelda\gdw-1-project-3\room.h(359): warning C4018: '<': signed/unsigned mismatch
c:\users\100706824\documents\githubkraken\legendz-of-zelda\gdw-1-project-3\room.h(390): warning C4018: '<': signed/unsigned mismatch
c:\users\100706824\documents\githubkraken\legendz-of-zelda\gdw-1-project-3\room.h(398): warning C4018: '<': signed/unsigned mismatch
c:\users\100706824\documents\githubkraken\legendz-of-zelda\gdw-1-project-3\room.h(411): warning C4018: '<': signed/unsigned mismatch
c:\users\100706824\documents\githubkraken\legendz-of-zelda\gdw-1-project-3\dungeon.h(794): warning C4018: '<': signed/unsigned mismatch
c:\users\100706824\documents\githubkraken\legendz-of-zelda\gdw-1-project-3\dungeon.h(801): warning C4018: '<': signed/unsigned mismatch
c:\users\100706824\documents\githubkraken\legendz-of-zelda\gdw-1-project-3\dungeon.h(807): warning C4018: '<': signed/unsigned mismatch
c:\users\100706824\documents\githubkraken\legendz-of-zelda\gdw-1-project-3\dungeon.h(823): warning C4018: '<': signed/unsigned mismatch
c:\users\100706824\documents\githubkraken\legendz-of-zelda\gdw-1-project-3\main.cpp(121): warning C4101: 'drawThreadID': unreferenced local variable
c:\users\100706824\documents\githubkraken\legendz-of-zelda\gdw-1-project-3\main.cpp(408): warning C4018: '<': signed/unsigned mismatch
c:\users\100706824\documents\githubkraken\legendz-of-zelda\gdw-1-project-3\main.cpp(418): warning C4018: '<': signed/unsigned mismatch
c:\users\100706824\documents\githubkraken\legendz-of-zelda\gdw-1-project-3\main.cpp(422): warning C4018: '<': signed/unsigned mismatch
c:\users\100706824\documents\githubkraken\legendz-of-zelda\gdw-1-project-3\main.cpp(426): warning C4018: '<': signed/unsigned mismatch
c:\users\100706824\documents\githubkraken\legendz-of-zelda\gdw-1-project-3\main.cpp(430): warning C4018: '<': signed/unsigned mismatch
c:\users\100706824\documents\githubkraken\legendz-of-zelda\gdw-1-project-3\main.cpp(434): warning C4018: '<': signed/unsigned mismatch
c:\users\100706824\documents\githubkraken\legendz-of-zelda\gdw-1-project-3\main.cpp(764): warning C4244: 'argument': conversion from 'float' to 'int', possible loss of data
c:\users\100706824\documents\githubkraken\legendz-of-zelda\gdw-1-project-3\main.cpp(767): warning C4244: 'argument': conversion from 'float' to 'int', possible loss of data
c:\users\100706824\documents\githubkraken\legendz-of-zelda\gdw-1-project-3\main.cpp(784): warning C4244: 'argument': conversion from 'float' to 'int', possible loss of data
c:\users\100706824\documents\githubkraken\legendz-of-zelda\gdw-1-project-3\main.cpp(787): warning C4244: 'argument': conversion from 'float' to 'int', possible loss of data
c:\users\100706824\documents\githubkraken\legendz-of-zelda\gdw-1-project-3\main.cpp(804): warning C4244: 'argument': conversion from 'float' to 'int', possible loss of data
c:\users\100706824\documents\githubkraken\legendz-of-zelda\gdw-1-project-3\main.cpp(807): warning C4244: 'argument': conversion from 'float' to 'int', possible loss of data
c:\users\100706824\documents\githubkraken\legendz-of-zelda\gdw-1-project-3\main.cpp(825): warning C4244: 'argument': conversion from 'float' to 'int', possible loss of data
c:\users\100706824\documents\githubkraken\legendz-of-zelda\gdw-1-project-3\main.cpp(828): warning C4244: 'argument': conversion from 'float' to 'int', possible loss of data
c:\users\100706824\documents\githubkraken\legendz-of-zelda\gdw-1-project-3\main.cpp(837): warning C4018: '<': signed/unsigned mismatch
c:\users\100706824\documents\githubkraken\legendz-of-zelda\gdw-1-project-3\main.cpp(848): warning C4018: '<': signed/unsigned mismatch
c:\users\100706824\documents\githubkraken\legendz-of-zelda\gdw-1-project-3\main.cpp(883): warning C4018: '<': signed/unsigned mismatch
c:\users\100706824\documents\githubkraken\legendz-of-zelda\gdw-1-project-3\main.cpp(889): warning C4018: '<': signed/unsigned mismatch
c:\users\100706824\documents\githubkraken\legendz-of-zelda\gdw-1-project-3\main.cpp(896): warning C4018: '<': signed/unsigned mismatch
c:\users\100706824\documents\githubkraken\legendz-of-zelda\gdw-1-project-3\main.cpp(898): warning C4018: '<': signed/unsigned mismatch
c:\users\100706824\documents\githubkraken\legendz-of-zelda\gdw-1-project-3\main.cpp(901): warning C4018: '<': signed/unsigned mismatch
c:\users\100706824\documents\githubkraken\legendz-of-zelda\gdw-1-project-3\main.cpp(905): warning C4018: '<': signed/unsigned mismatch
c:\users\100706824\documents\githubkraken\legendz-of-zelda\gdw-1-project-3\main.cpp(910): warning C4018: '<': signed/unsigned mismatch
c:\users\100706824\documents\githubkraken\legendz-of-zelda\gdw-1-project-3\main.cpp(914): warning C4018: '<': signed/unsigned mismatch
c:\users\100706824\documents\githubkraken\legendz-of-zelda\gdw-1-project-3\main.cpp(920): warning C4018: '<': signed/unsigned mismatch
c:\users\100706824\documents\githubkraken\legendz-of-zelda\gdw-1-project-3\main.cpp(931): warning C4018: '<': signed/unsigned mismatch
c:\users\100706824\documents\githubkraken\legendz-of-zelda\gdw-1-project-3\main.cpp(945): warning C4018: '<': signed/unsigned mismatch
c:\users\100706824\documents\githubkraken\legendz-of-zelda\gdw-1-project-3\main.cpp(950): warning C4018: '<': signed/unsigned mismatch
c:\users\100706824\documents\githubkraken\legendz-of-zelda\gdw-1-project-3\main.cpp(972): warning C4018: '<': signed/unsigned mismatch
c:\users\100706824\documents\githubkraken\legendz-of-zelda\gdw-1-project-3\main.cpp(1082): warning C4101: 'loadThreadID': unreferenced local variable
c:\users\100706824\documents\githubkraken\legendz-of-zelda\gdw-1-project-3\main.cpp(1474): warning C4018: '<': signed/unsigned mismatch
c:\users\100706824\documents\githubkraken\legendz-of-zelda\gdw-1-project-3\main.cpp(1482): warning C4018: '<': signed/unsigned mismatch
  Generating code
  11 of 1884 functions ( 0.6%) were compiled, the rest were copied from previous compilation.
    3 functions were new in current compilation
    11 functions had inline decision re-evaluated but remain unchanged
  Finished generating code
  GDW-1-Project-3.vcxproj -> C:\Users\100706824\Documents\GitHubKraken\Legendz-Of-Zelda\GDW-1-Project-3\Release\GDW-1-Project-3.exe
