  main.cpp
c:\users\100706824\documents\githubkraken\legendz-of-zelda\gdw-1-project-3\spritesheets.h(16282): warning C4018: '<': signed/unsigned mismatch
c:\users\100706824\documents\githubkraken\legendz-of-zelda\gdw-1-project-3\coreclasses.h(125): warning C4244: '=': conversion from 'int' to 'float', possible loss of data
c:\users\100706824\documents\githubkraken\legendz-of-zelda\gdw-1-project-3\coreclasses.h(126): warning C4244: '=': conversion from 'int' to 'float', possible loss of data
c:\users\100706824\documents\githubkraken\legendz-of-zelda\gdw-1-project-3\projectiles.h(125): warning C4244: '=': conversion from 'float' to 'int', possible loss of data
c:\users\100706824\documents\githubkraken\legendz-of-zelda\gdw-1-project-3\projectiles.h(126): warning C4244: '=': conversion from 'float' to 'int', possible loss of data
c:\users\100706824\documents\githubkraken\legendz-of-zelda\gdw-1-project-3\projectiles.h(243): warning C4244: 'initializing': conversion from 'double' to 'float', possible loss of data
c:\users\100706824\documents\githubkraken\legendz-of-zelda\gdw-1-project-3\projectiles.h(245): warning C4244: '=': conversion from 'float' to 'int', possible loss of data
c:\users\100706824\documents\githubkraken\legendz-of-zelda\gdw-1-project-3\projectiles.h(246): warning C4244: '=': conversion from 'float' to 'int', possible loss of data
c:\users\100706824\documents\githubkraken\legendz-of-zelda\gdw-1-project-3\enemies.h(348): warning C4244: '=': conversion from 'double' to 'float', possible loss of data
c:\users\100706824\documents\githubkraken\legendz-of-zelda\gdw-1-project-3\enemies.h(401): warning C4018: '<': signed/unsigned mismatch
c:\users\100706824\documents\githubkraken\legendz-of-zelda\gdw-1-project-3\enemies.h(414): warning C4018: '<': signed/unsigned mismatch
c:\users\100706824\documents\githubkraken\legendz-of-zelda\gdw-1-project-3\enemies.h(1004): warning C4018: '<': signed/unsigned mismatch
c:\users\100706824\documents\githubkraken\legendz-of-zelda\gdw-1-project-3\enemies.h(1103): warning C4018: '<': signed/unsigned mismatch
c:\users\100706824\documents\githubkraken\legendz-of-zelda\gdw-1-project-3\enemies.h(1112): warning C4018: '<': signed/unsigned mismatch
c:\users\100706824\documents\githubkraken\legendz-of-zelda\gdw-1-project-3\enemies.h(1123): warning C4018: '<': signed/unsigned mismatch
c:\users\100706824\documents\githubkraken\legendz-of-zelda\gdw-1-project-3\enemies.h(1129): warning C4018: '<': signed/unsigned mismatch
c:\users\100706824\documents\githubkraken\legendz-of-zelda\gdw-1-project-3\enemies.h(1210): warning C4018: '<': signed/unsigned mismatch
c:\users\100706824\documents\githubkraken\legendz-of-zelda\gdw-1-project-3\enemies.h(1220): warning C4018: '<': signed/unsigned mismatch
c:\users\100706824\documents\githubkraken\legendz-of-zelda\gdw-1-project-3\menus.h(123): warning C4018: '<': signed/unsigned mismatch
c:\users\100706824\documents\githubkraken\legendz-of-zelda\gdw-1-project-3\menus.h(143): warning C4018: '<': signed/unsigned mismatch
c:\users\100706824\documents\githubkraken\legendz-of-zelda\gdw-1-project-3\menus.h(162): warning C4018: '<': signed/unsigned mismatch
c:\users\100706824\documents\githubkraken\legendz-of-zelda\gdw-1-project-3\menus.h(168): warning C4018: '<': signed/unsigned mismatch
c:\users\100706824\documents\githubkraken\legendz-of-zelda\gdw-1-project-3\room.h(36): warning C4018: '<': signed/unsigned mismatch
c:\users\100706824\documents\githubkraken\legendz-of-zelda\gdw-1-project-3\room.h(49): warning C4018: '<': signed/unsigned mismatch
c:\users\100706824\documents\githubkraken\legendz-of-zelda\gdw-1-project-3\room.h(91): warning C4018: '<': signed/unsigned mismatch
c:\users\100706824\documents\githubkraken\legendz-of-zelda\gdw-1-project-3\room.h(227): warning C4018: '<': signed/unsigned mismatch
c:\users\100706824\documents\githubkraken\legendz-of-zelda\gdw-1-project-3\room.h(252): warning C4018: '<': signed/unsigned mismatch
c:\users\100706824\documents\githubkraken\legendz-of-zelda\gdw-1-project-3\room.h(258): warning C4018: '<': signed/unsigned mismatch
c:\users\100706824\documents\githubkraken\legendz-of-zelda\gdw-1-project-3\room.h(264): warning C4018: '<': signed/unsigned mismatch
c:\users\100706824\documents\githubkraken\legendz-of-zelda\gdw-1-project-3\room.h(285): warning C4018: '<': signed/unsigned mismatch
c:\users\100706824\documents\githubkraken\legendz-of-zelda\gdw-1-project-3\room.h(312): warning C4018: '<': signed/unsigned mismatch
c:\users\100706824\documents\githubkraken\legendz-of-zelda\gdw-1-project-3\room.h(320): warning C4018: '<': signed/unsigned mismatch
c:\users\100706824\documents\githubkraken\legendz-of-zelda\gdw-1-project-3\dungeon.h(732): warning C4018: '<': signed/unsigned mismatch
c:\users\100706824\documents\githubkraken\legendz-of-zelda\gdw-1-project-3\dungeon.h(748): warning C4018: '<': signed/unsigned mismatch
c:\users\100706824\documents\githubkraken\legendz-of-zelda\gdw-1-project-3\main.cpp(117): warning C4101: 'drawThreadID': unreferenced local variable
c:\users\100706824\documents\githubkraken\legendz-of-zelda\gdw-1-project-3\main.cpp(384): warning C4018: '<': signed/unsigned mismatch
c:\users\100706824\documents\githubkraken\legendz-of-zelda\gdw-1-project-3\main.cpp(394): warning C4018: '<': signed/unsigned mismatch
c:\users\100706824\documents\githubkraken\legendz-of-zelda\gdw-1-project-3\main.cpp(398): warning C4018: '<': signed/unsigned mismatch
c:\users\100706824\documents\githubkraken\legendz-of-zelda\gdw-1-project-3\main.cpp(402): warning C4018: '<': signed/unsigned mismatch
c:\users\100706824\documents\githubkraken\legendz-of-zelda\gdw-1-project-3\main.cpp(406): warning C4018: '<': signed/unsigned mismatch
c:\users\100706824\documents\githubkraken\legendz-of-zelda\gdw-1-project-3\main.cpp(410): warning C4018: '<': signed/unsigned mismatch
c:\users\100706824\documents\githubkraken\legendz-of-zelda\gdw-1-project-3\main.cpp(570): warning C4018: '<': signed/unsigned mismatch
c:\users\100706824\documents\githubkraken\legendz-of-zelda\gdw-1-project-3\main.cpp(581): warning C4018: '<': signed/unsigned mismatch
c:\users\100706824\documents\githubkraken\legendz-of-zelda\gdw-1-project-3\main.cpp(617): warning C4018: '<': signed/unsigned mismatch
c:\users\100706824\documents\githubkraken\legendz-of-zelda\gdw-1-project-3\main.cpp(623): warning C4018: '<': signed/unsigned mismatch
c:\users\100706824\documents\githubkraken\legendz-of-zelda\gdw-1-project-3\main.cpp(630): warning C4018: '<': signed/unsigned mismatch
c:\users\100706824\documents\githubkraken\legendz-of-zelda\gdw-1-project-3\main.cpp(632): warning C4018: '<': signed/unsigned mismatch
c:\users\100706824\documents\githubkraken\legendz-of-zelda\gdw-1-project-3\main.cpp(635): warning C4018: '<': signed/unsigned mismatch
c:\users\100706824\documents\githubkraken\legendz-of-zelda\gdw-1-project-3\main.cpp(639): warning C4018: '<': signed/unsigned mismatch
c:\users\100706824\documents\githubkraken\legendz-of-zelda\gdw-1-project-3\main.cpp(644): warning C4018: '<': signed/unsigned mismatch
c:\users\100706824\documents\githubkraken\legendz-of-zelda\gdw-1-project-3\main.cpp(647): warning C4018: '<': signed/unsigned mismatch
c:\users\100706824\documents\githubkraken\legendz-of-zelda\gdw-1-project-3\main.cpp(654): warning C4018: '<': signed/unsigned mismatch
c:\users\100706824\documents\githubkraken\legendz-of-zelda\gdw-1-project-3\main.cpp(665): warning C4018: '<': signed/unsigned mismatch
c:\users\100706824\documents\githubkraken\legendz-of-zelda\gdw-1-project-3\main.cpp(678): warning C4018: '<': signed/unsigned mismatch
c:\users\100706824\documents\githubkraken\legendz-of-zelda\gdw-1-project-3\main.cpp(683): warning C4018: '<': signed/unsigned mismatch
c:\users\100706824\documents\githubkraken\legendz-of-zelda\gdw-1-project-3\main.cpp(705): warning C4018: '<': signed/unsigned mismatch
c:\users\100706824\documents\githubkraken\legendz-of-zelda\gdw-1-project-3\main.cpp(815): warning C4101: 'loadThreadID': unreferenced local variable
c:\users\100706824\documents\githubkraken\legendz-of-zelda\gdw-1-project-3\main.cpp(1158): warning C4018: '<': signed/unsigned mismatch
c:\users\100706824\documents\githubkraken\legendz-of-zelda\gdw-1-project-3\main.cpp(1166): warning C4018: '<': signed/unsigned mismatch
  GDW-1-Project-3.vcxproj -> C:\Users\100706824\Documents\GitHubKraken\Legendz-Of-Zelda\GDW-1-Project-3\Debug\GDW-1-Project-3.exe
